Charmrun> started all node programs in 0.004 seconds.
Converse/Charm++ Commit ID: v6.3.0-1228-g34cdf5e
Warning> Randomization of stack pointer is turned on in kernel, thread migration may not work! Run 'echo 0 > /proc/sys/kernel/randomize_va_space' as root to disable it, or try run with '+isomalloc_sync'.  
Charm++> scheduler running in netpoll mode.
CharmLB> Load balancer assumes all CPUs are same.
Charm++> Running on 1 unique compute nodes (12-way SMP).
Charm++> cpu topology info is gathered in 0.001 seconds.
Info: NAMD CVS-2012-03-02 for Linux-x86_64
Info: 
Info: Please visit http://www.ks.uiuc.edu/Research/namd/
Info: for updates, documentation, and support information.
Info: 
Info: Please cite Phillips et al., J. Comp. Chem. 26:1781-1802 (2005)
Info: in all publications reporting results obtained with NAMD.
Info: 
Info: Based on Charm++/Converse 60305 for net-linux-x86_64-iccstatic
Info: Built Fri Mar 2 02:17:49 CST 2012 by jim on lisboa.ks.uiuc.edu
Info: 1 NAMD  CVS-2012-03-02  Linux-x86_64  4    polymer10.uakron.edu  hramezani
Info: Running on 4 processors, 4 nodes, 1 physical nodes.
Info: CPU topology information available.
Info: Charm++/Converse parallel runtime startup completed at 0.00347185 s
Info: 1.63921 MB of memory in use based on CmiMemoryUsage
Info: Configuration file is fAg111_H20_Peptide.conf
Info: Working in the current directory /storage/home/hramezani/CHARMM_METAL_v4/EXAMPLE_CALCULATION/RUN
TCL: Suspending until startup complete.
Warning: The parameter fullElectFrequency now defaults to nonbondedFreq (1) rather than stepsPerCycle.
Info: SIMULATION PARAMETERS:
Info: TIMESTEP               1
Info: NUMBER OF STEPS        0
Info: STEPS PER CYCLE        20
Info: PERIODIC CELL BASIS 1  34.668 0 0
Info: PERIODIC CELL BASIS 2  0 40.0312 0
Info: PERIODIC CELL BASIS 3  0 0 58.7263
Info: PERIODIC CELL CENTER   0 0 0
Info: LOAD BALANCER  Centralized
Info: LOAD BALANCING STRATEGY  New Load Balancers -- DEFAULT
Info: LDB PERIOD             4000 steps
Info: FIRST LDB TIMESTEP     100
Info: LAST LDB TIMESTEP     -1
Info: LDB BACKGROUND SCALING 1
Info: HOM BACKGROUND SCALING 1
Info: PME BACKGROUND SCALING 1
Info: MIN ATOMS PER PATCH    40
Info: INITIAL TEMPERATURE    298.15
Info: CENTER OF MASS MOVING INITIALLY? NO
Info: DIELECTRIC             1
Info: EXCLUDE                SCALED ONE-FOUR
Info: 1-4 ELECTROSTATICS SCALED BY 1
Info: MODIFIED 1-4 VDW PARAMETERS WILL BE USED
Info: DCD FILENAME           fAg111_H20_Peptide.dcd
Info: DCD FREQUENCY          60
Info: DCD FIRST STEP         60
Info: DCD FILE WILL CONTAIN UNIT CELL DATA
Info: NO EXTENDED SYSTEM TRAJECTORY OUTPUT
Info: NO VELOCITY DCD OUTPUT
Info: NO FORCE DCD OUTPUT
Info: OUTPUT FILENAME        fAg111_H20_Peptide
Info: NO RESTART FILE
Info: CUTOFF                 12
Info: PAIRLIST DISTANCE      15
Info: PAIRLIST SHRINK RATE   0.01
Info: PAIRLIST GROW RATE     0.01
Info: PAIRLIST TRIGGER       0.3
Info: PAIRLISTS PER CYCLE    2
Info: PAIRLISTS ENABLED
Info: MARGIN                 0
Info: HYDROGEN GROUP CUTOFF  2.5
Info: PATCH DIMENSION        17.5
Info: ENERGY OUTPUT STEPS    50
Info: CROSSTERM ENERGY INCLUDED IN DIHEDRAL
Info: TIMING OUTPUT STEPS    500
Info: VELOCITY REASSIGNMENT FREQ  1000
Info: VELOCITY REASSIGNMENT TEMP  298.15
Info: VELOCITY REASSIGNMENT HOLD  298.15
Info: PARTICLE MESH EWALD (PME) ACTIVE
Info: PME TOLERANCE               1e-06
Info: PME EWALD COEFFICIENT       0.257952
Info: PME INTERPOLATION ORDER     4
Info: PME GRID DIMENSIONS         72 72 72
Info: PME MAXIMUM GRID SPACING    1
Info: Attempting to read FFTW data from FFTW_NAMD_CVS-2012-03-02_Linux-x86_64.txt
Info: Optimizing 6 FFT steps.  1... 2... 3... 4... 5... 6...   Done.
Info: Writing FFTW data to FFTW_NAMD_CVS-2012-03-02_Linux-x86_64.txt
Info: FULL ELECTROSTATIC EVALUATION FREQUENCY      1
Info: USING VERLET I (r-RESPA) MTS SCHEME.
Info: C1 SPLITTING OF LONG RANGE ELECTROSTATICS
Info: PLACING ATOMS IN PATCHES BY HYDROGEN GROUPS
Info: RANDOM NUMBER SEED     1345067038
Info: USE HYDROGEN BONDS?    NO
Info: COORDINATE PDB         fAg111_H20_Peptide.pdb
Info: STRUCTURE FILE         fAg111_H20_Peptide.psf
Info: PARAMETER file: CHARMM format! 
Info: PARAMETERS             par_all22_prot_metals.inp
Info: USING ARITHMETIC MEAN TO COMBINE L-J SIGMA PARAMETERS
Info: SUMMARY OF PARAMETERS:
Info: 139 BONDS
Info: 345 ANGLES
Info: 452 DIHEDRAL
Info: 43 IMPROPER
Info: 0 CROSSTERM
Info: 98 VDW
Info: 0 VDW_PAIRS
Info: 0 NBTHOLE_PAIRS
Warning: Ignored 2000 bonds with zero force constants.
Warning: Will get H-H distance in rigid H2O from H-O-H angle.
Info: TIME FOR READING PSF FILE: 0.032686
Info: TIME FOR READING PDB FILE: 0.0121121
Info: 
Info: ****************************
Info: STRUCTURE SUMMARY:
Info: 7318 ATOMS
Info: 4171 BONDS
Info: 2313 ANGLES
Info: 469 DIHEDRALS
Info: 23 IMPROPERS
Info: 0 CROSSTERMS
Info: 0 EXCLUSIONS
Info: 21951 DEGREES OF FREEDOM
Info: 3238 HYDROGEN GROUPS
Info: 4 ATOMS IN LARGEST HYDROGEN GROUP
Info: 3238 MIGRATION GROUPS
Info: 4 ATOMS IN LARGEST MIGRATION GROUP
Info: TOTAL MASS = 161516 amu
Info: TOTAL CHARGE = 1.00583e-07 e
Info: MASS DENSITY = 3.29091 g/cm^3
Info: ATOM DENSITY = 0.0897909 atoms/A^3
Info: *****************************
Info: 
Info: Entering startup at 25.1573 s, 4.94356 MB of memory in use
Info: Startup phase 0 took 0.0322189 s, 4.94371 MB of memory in use
Info: Startup phase 1 took 0.141108 s, 5.89565 MB of memory in use
Info: Startup phase 2 took 0.0300181 s, 5.98454 MB of memory in use
Info: Startup phase 3 took 0.0298438 s, 5.98442 MB of memory in use
Info: PATCH GRID IS 1 (PERIODIC) BY 2 (PERIODIC) BY 3 (PERIODIC)
Info: PATCH GRID IS 1-AWAY BY 1-AWAY BY 1-AWAY
Info: REMOVING COM VELOCITY -0.0365515 0.0102903 0.00745525
Info: LARGEST PATCH (0) HAS 1548 ATOMS
Info: Startup phase 4 took 0.0332022 s, 7.08986 MB of memory in use
Info: PME using 4 and 4 processors for FFT and reciprocal sum.
Info: PME USING 4 GRID NODES AND 4 TRANS NODES
Info: PME GRID LOCATIONS: 0 1 2 3
Info: PME TRANS LOCATIONS: 0 1 2 3
Info: Optimizing 4 FFT steps.  1... 2... 3... 4...   Done.
Info: Startup phase 5 took 0.0319359 s, 7.82988 MB of memory in use
Info: Startup phase 6 took 0.031029 s, 6.99068 MB of memory in use
LDB: Central LB being created...
Info: Startup phase 7 took 0.0298131 s, 7.00294 MB of memory in use
Info: CREATING 138 COMPUTE OBJECTS
Info: NONBONDED TABLE R-SQUARED SPACING: 0.0625
Info: NONBONDED TABLE SIZE: 769 POINTS
Info: ABSOLUTE IMPRECISION IN VDWA TABLE ENERGY: 1.26218e-29 AT 11.9974
Info: ABSOLUTE IMPRECISION IN VDWA TABLE FORCE: 1.34106e-29 AT 11.9974
Info: ABSOLUTE IMPRECISION IN VDWB TABLE ENERGY: 5.29396e-23 AT 11.9974
Info: ABSOLUTE IMPRECISION IN VDWB TABLE FORCE: 9.34714e-23 AT 11.9974
Info: Startup phase 8 took 0.0320199 s, 7.86018 MB of memory in use
Info: useSync: 1 useProxySync: 0
Info: Startup phase 9 took 0.0320041 s, 7.86006 MB of memory in use
Info: Startup phase 10 took 0.000215054 s, 8.11266 MB of memory in use
Info: Finished startup at 25.5807 s, 8.11266 MB of memory in use

TCL: Minimizing for 100 steps
ETITLE:      TS           BOND          ANGLE          DIHED          IMPRP               ELECT            VDW       BOUNDARY           MISC        KINETIC               TOTAL           TEMP      POTENTIAL         TOTAL3        TEMPAVG            PRESSURE      GPRESSURE         VOLUME       PRESSAVG      GPRESSAVG

ENERGY:       0      3401.4944       782.9243        65.6116         6.8460         -11831.7908 9999999999.9999         0.0000         0.0000         0.0000      9999999999.9999         0.0000 9999999999.9999 9999999999.9999         0.0000      9999999999.9999 9999999999.9999     81500.4555 9999999999.9999 9999999999.9999

MINIMIZER SLOWLY MOVING 181 ATOMS WITH BAD CONTACTS DOWNHILL
ENERGY:       1      3528.2496       817.9578        68.5103         5.2685         -11592.4060 2296447179.1745         0.0000         0.0000         0.0000      2296440006.7546         0.0000 2296440006.7546 2296440006.7546         0.0000      7833280203.9354 7833323456.3376     81500.4555 7833280203.9354 7833323456.3376

MINIMIZER SLOWLY MOVING 153 ATOMS WITH BAD CONTACTS DOWNHILL
ENERGY:       2      3824.3149       905.5207        78.1959        11.1513         -11433.1890 267428183.2545         0.0000         0.0000         0.0000      267421569.2482         0.0000 267421569.2482 267421569.2482         0.0000      912332864.5429 912378569.9782     81500.4555 912332864.5429 912378569.9782

MINIMIZER SLOWLY MOVING 119 ATOMS WITH BAD CONTACTS DOWNHILL
ENERGY:       3      4228.8391      1011.9902        81.7581        21.3570         -11270.4309  23735844.2437         0.0000         0.0000         0.0000       23729917.7572         0.0000  23729917.7572  23729917.7572         0.0000       81080906.1308  81127951.2623     81500.4555  81080906.1308  81127951.2623

MINIMIZER SLOWLY MOVING 102 ATOMS WITH BAD CONTACTS DOWNHILL
ENERGY:       4      4638.1879      1127.8484        86.5547        33.6771         -11304.6996   2640410.6408         0.0000         0.0000         0.0000        2634992.2094         0.0000   2634992.2094   2634992.2094         0.0000        9115113.2528   9161679.1592     81500.4555   9115113.2528   9161679.1592

MINIMIZER SLOWLY MOVING 76 ATOMS WITH BAD CONTACTS DOWNHILL
ENERGY:       5      4994.5137      1210.8778        89.5550        41.9767         -11365.3998    449583.6067         0.0000         0.0000         0.0000         444555.1299         0.0000    444555.1299    444555.1299         0.0000        1638763.2858   1684763.7063     81500.4555   1638763.2858   1684763.7063

MINIMIZER SLOWLY MOVING 55 ATOMS WITH BAD CONTACTS DOWNHILL
ENERGY:       6      5384.3735      1293.3709        95.0224        46.5143         -11364.7622    138890.8386         0.0000         0.0000         0.0000         134345.3576         0.0000    134345.3576    134345.3576         0.0000         577498.6119    622561.9632     81500.4555    577498.6119    622561.9632

MINIMIZER SLOWLY MOVING 36 ATOMS WITH BAD CONTACTS DOWNHILL
ENERGY:       7      5678.3920      1363.1343       100.7423        58.5167         -11381.1282     76029.6384         0.0000         0.0000         0.0000          71849.2954         0.0000     71849.2954     71849.2954         0.0000         362284.5075    407454.7566     81500.4555    362284.5075    407454.7566

MINIMIZER SLOWLY MOVING 25 ATOMS WITH BAD CONTACTS DOWNHILL
ENERGY:       8      5809.0543      1404.0728       102.3123        68.7479         -11377.8738     55840.4122         0.0000         0.0000         0.0000          51846.7258         0.0000     51846.7258     51846.7258         0.0000         293041.7500    338199.4221     81500.4555    293041.7500    338199.4221

MINIMIZER SLOWLY MOVING 15 ATOMS WITH BAD CONTACTS DOWNHILL
ENERGY:       9      5888.9195      1407.8091       103.9875        74.9043         -11365.7748     -5629.3161         0.0000         0.0000         0.0000          -9519.4704         0.0000     -9519.4704     -9519.4704         0.0000          83041.6607    128044.6595     81500.4555     83041.6607    128044.6595

MINIMIZER SLOWLY MOVING 11 ATOMS WITH BAD CONTACTS DOWNHILL
ETITLE:      TS           BOND          ANGLE          DIHED          IMPRP               ELECT            VDW       BOUNDARY           MISC        KINETIC               TOTAL           TEMP      POTENTIAL         TOTAL3        TEMPAVG            PRESSURE      GPRESSURE         VOLUME       PRESSAVG      GPRESSAVG

ENERGY:      10      5917.6038      1415.5822       104.9979        80.2197         -11364.5261    -13427.6312         0.0000         0.0000         0.0000         -17273.7537         0.0000    -17273.7537    -17273.7537         0.0000          56311.1407    100637.8304     81500.4555     56311.1407    100637.8304

MINIMIZER SLOWLY MOVING 5 ATOMS WITH BAD CONTACTS DOWNHILL
ENERGY:      11      5925.6441      1419.4192       105.0240        80.2197         -11356.0501    -14949.3124         0.0000         0.0000         0.0000         -18775.0555         0.0000    -18775.0555    -18775.0555         0.0000          51088.2321     94976.3864     81500.4555     51088.2321     94976.3864

MINIMIZER STARTING CONJUGATE GRADIENT ALGORITHM
LINE MINIMIZER REDUCING GRADIENT FROM 2.58263e+08 TO 258263
ENERGY:      12      5920.5363      1418.9148       105.1858        80.3352         -11356.9847    -15202.1946         0.0000         0.0000         0.0000         -19034.2072         0.0000    -19034.2072    -19034.2072         0.0000          50257.9803     93984.4414     81500.4555     50257.9803     93984.4414

ENERGY:      13      5915.4577      1418.4198       105.3487        80.4519         -11357.9154    -15450.7203         0.0000         0.0000         0.0000         -19288.9578         0.0000    -19288.9578    -19288.9578         0.0000          49442.6677     93010.7016     81500.4555     49442.6677     93010.7016

ENERGY:      14      5905.3877      1417.4581       105.6778        80.6887         -11359.7579    -15935.0875         0.0000         0.0000         0.0000         -19785.6332         0.0000    -19785.6332    -19785.6332         0.0000          47855.4883     91115.9850     81500.4555     47855.4883     91115.9850

ENERGY:      15      5885.5960      1415.6482       106.3497        81.1762         -11363.3763    -16855.6096         0.0000         0.0000         0.0000         -20730.2158         0.0000    -20730.2158    -20730.2158         0.0000          44846.5055     87526.5882     81500.4555     44846.5055     87526.5882

ENERGY:      16      5847.3992      1412.4841       107.7467        82.2069         -11370.3777    -18522.0226         0.0000         0.0000         0.0000         -22442.5634         0.0000    -22442.5634    -22442.5634         0.0000          39427.7680     81066.5777     81500.4555     39427.7680     81066.5777

ENERGY:      17      5776.5017      1407.9868       110.7475        84.4884         -11383.5539    -21276.8721         0.0000         0.0000         0.0000         -25280.7015         0.0000    -25280.7015    -25280.7015         0.0000          30573.5969     70491.6059     81500.4555     30573.5969     70491.6059

ENERGY:      18      5656.2863      1406.3728       117.5168        89.9165         -11407.4731    -25149.6294         0.0000         0.0000         0.0000         -29287.0100         0.0000    -29287.0100    -29287.0100         0.0000          18484.8706     55837.2587     81500.4555     18484.8706     55837.2587

ENERGY:      19      5498.8811      1432.8960       133.5955       104.1015         -11450.0017    -29218.3454         0.0000         0.0000         0.0000         -33498.8730         0.0000    -33498.8730    -33498.8730         0.0000           6930.3719     40747.7761     81500.4555      6930.3719     40747.7761

LDB: ============= START OF LOAD BALANCING ============== 26.4881
LDB: ============== END OF LOAD BALANCING =============== 26.4883
Info: useSync: 1 useProxySync: 0
LDB: =============== DONE WITH MIGRATION ================ 26.5185
ETITLE:      TS           BOND          ANGLE          DIHED          IMPRP               ELECT            VDW       BOUNDARY           MISC        KINETIC               TOTAL           TEMP      POTENTIAL         TOTAL3        TEMPAVG            PRESSURE      GPRESSURE         VOLUME       PRESSAVG      GPRESSAVG

ENERGY:      20      5487.7891      1604.4604       171.6176       144.9985         -11537.6676    -25244.6118         0.0000         0.0000         0.0000         -29373.4138         0.0000    -29373.4138    -29373.4138         0.0000          25264.5813     75084.9236     81500.4555     25264.5813     75084.9236

LINE MINIMIZER BRACKET: DX 6.4e-05 0.000128 DU -4211.86 4125.46 DUDX -9.90384e+07 -4.00143e+07 2.78154e+08 
ENERGY:      21      5457.0312      1464.6689       143.5843       113.7875         -11472.6019    -30232.9516         0.0000         0.0000         0.0000         -34526.4816         0.0000    -34526.4816    -34526.4816         0.0000           4778.8135     37242.5396     81500.4555      4778.8135     37242.5396

LINE MINIMIZER BRACKET: DX 3.54479e-05 9.25521e-05 DU -1027.61 5153.07 DUDX -4.00143e+07 -1.80646e+07 2.78154e+08 
ENERGY:      22      5450.1601      1477.3888       146.8954       117.1524         -11479.9102    -30400.6176         0.0000         0.0000         0.0000         -34688.9312         0.0000    -34688.9312    -34688.9312         0.0000           4627.3718     36808.1915     81500.4555      4627.3718     36808.1915

LINE MINIMIZER BRACKET: DX 1.13362e-05 8.12158e-05 DU -162.45 5315.52 DUDX -1.80646e+07 -1.04479e+07 2.78154e+08 
ENERGY:      23      5447.1302      1487.2616       149.2958       119.6419         -11485.2032    -30467.2944         0.0000         0.0000         0.0000         -34749.1682         0.0000    -34749.1682    -34749.1682         0.0000           4701.6154     36759.2022     81500.4555      4701.6154     36759.2022

LINE MINIMIZER BRACKET: DX 8.12158e-06 7.30943e-05 DU -60.237 5375.75 DUDX -1.04479e+07 -4.24889e+06 2.78154e+08 
ENERGY:      24      5445.7372      1496.6884       151.4744       121.9385         -11490.0240    -30483.0863         0.0000         0.0000         0.0000         -34757.2717         0.0000    -34757.2717    -34757.2717         0.0000           4919.5872     36947.3025     81500.4555      4919.5872     36947.3025

LINE MINIMIZER BRACKET: DX 7.30943e-06 6.57848e-05 DU -8.10353 5383.86 DUDX -4.24889e+06 2.19973e+06 2.78154e+08 
ENERGY:      25      5446.0609      1493.4976       150.7484       121.1691         -11488.4152    -30482.9066         0.0000         0.0000         0.0000         -34759.8458         0.0000    -34759.8458    -34759.8458         0.0000           4829.8116     36857.2788     81500.4555      4829.8116     36857.2788

LINE MINIMIZER BRACKET: DX 4.87941e-06 2.43001e-06 DU -10.6776 2.57412 DUDX -4.24889e+06 -57913.4 2.19973e+06 
MINIMIZER RESTARTING CONJUGATE GRADIENT ALGORITHM
LINE MINIMIZER REDUCING GRADIENT FROM 7.90618e+07 TO 79061.8
ENERGY:      26      5413.7508      1488.2468       150.3914       120.5603         -11487.5078    -30726.9657         0.0000         0.0000         0.0000         -35041.5240         0.0000    -35041.5240    -35041.5240         0.0000           4121.0548     35598.4604     81500.4555      4121.0548     35598.4604

ENERGY:      27      5381.7385      1483.0542       150.0370       119.9668         -11486.7982    -30925.2967         0.0000         0.0000         0.0000         -35277.2984         0.0000    -35277.2984    -35277.2984         0.0000           3568.9011     34627.1679     81500.4555      3568.9011     34627.1679

ENERGY:      28      5318.6069      1472.8466       149.3361       118.8237         -11485.9028    -31228.6366         0.0000         0.0000         0.0000         -35654.9262         0.0000    -35654.9262    -35654.9262         0.0000           2784.5059     33239.6749     81500.4555      2784.5059     33239.6749

ENERGY:      29      5195.9082      1453.1598       147.9691       116.7035         -11485.8301    -31618.7026         0.0000         0.0000         0.0000         -36190.7921         0.0000    -36190.7921    -36190.7921         0.0000           1958.2145     31635.1387     81500.4555      1958.2145     31635.1387

ETITLE:      TS           BOND          ANGLE          DIHED          IMPRP               ELECT            VDW       BOUNDARY           MISC        KINETIC               TOTAL           TEMP      POTENTIAL         TOTAL3        TEMPAVG            PRESSURE      GPRESSURE         VOLUME       PRESSAVG      GPRESSAVG

ENERGY:      30      4964.6871      1416.8025       145.3856       113.0511         -11490.4836    -31981.6553         0.0000         0.0000         0.0000         -36832.2126         0.0000    -36832.2126    -36832.2126         0.0000           1733.5584     30326.2903     81500.4555      1733.5584     30326.2903

ENERGY:      31      4557.7703      1356.5229       140.8018       107.5939         -11509.9060    -31684.8324         0.0000         0.0000         0.0000         -37032.0495         0.0000    -37032.0495    -37032.0495         0.0000           4769.5456     31650.8899     81500.4555      4769.5456     31650.8899

ENERGY:      32      3947.5235      1286.1352       133.5554       101.3881         -11557.8515    -16165.8901         0.0000         0.0000         0.0000         -22255.1394         0.0000    -22255.1394    -22255.1394         0.0000          61778.5019     85758.5388     81500.4555     61778.5019     85758.5388

LINE MINIMIZER BRACKET: DX 6.4e-05 0.000128 DU -199.837 14776.9 DUDX -1.40185e+07 9.89764e+06 3.8788e+08 
ENERGY:      33      4703.8735      1377.4658       142.4579       109.4213         -11501.5223    -31965.6884         0.0000         0.0000         0.0000         -37133.9921         0.0000    -37133.9921    -37133.9921         0.0000           3043.5712     30515.9723     81500.4555      3043.5712     30515.9723

LINE MINIMIZER BRACKET: DX 3.96742e-05 2.43258e-05 DU -301.78 101.943 DUDX -1.40185e+07 -882367 9.89764e+06 
ENERGY:      34      4688.7971      1375.2627       142.2877       109.2262         -11502.3183    -31948.2779         0.0000         0.0000         0.0000         -37135.0225         0.0000    -37135.0225    -37135.0225         0.0000           3179.8029     30589.3676     81500.4555      3179.8029     30589.3676

LINE MINIMIZER BRACKET: DX 2.43258e-06 2.18932e-05 DU -1.03033 102.973 DUDX -882367 41212.7 9.89764e+06 
MINIMIZER RESTARTING CONJUGATE GRADIENT ALGORITHM
LINE MINIMIZER REDUCING GRADIENT FROM 2.28075e+07 TO 22807.5
ENERGY:      35      4570.7684      1358.1561       141.5508       108.4891         -11511.9491    -32142.3101         0.0000         0.0000         0.0000         -37475.2949         0.0000    -37475.2949    -37475.2949         0.0000           2958.0335     29885.3778     81500.4555      2958.0335     29885.3778

ENERGY:      36      4455.3037      1341.5731       140.8300       107.7667         -11521.6331    -32309.8758         0.0000         0.0000         0.0000         -37786.0353         0.0000    -37786.0353    -37786.0353         0.0000           2825.4025     29285.5019     81500.4555      2825.4025     29285.5019

ENERGY:      37      4232.0654      1309.9746       139.4367       106.3655         -11541.1498    -32583.6748         0.0000         0.0000         0.0000         -38336.9824         0.0000    -38336.9824    -38336.9824         0.0000           2765.4280     28323.8486     81500.4555      2765.4280     28323.8486

ENERGY:      38      3816.3292      1253.0010       136.8384       103.7332         -11580.7467    -32960.6446         0.0000         0.0000         0.0000         -39231.4893         0.0000    -39231.4893    -39231.4893         0.0000           3210.2594     27048.0946     81500.4555      3210.2594     27048.0946

ENERGY:      39      3107.3647      1163.3428       132.3838        99.1473         -11662.1157    -33249.6820         0.0000         0.0000         0.0000         -40409.5591         0.0000    -40409.5591    -40409.5591         0.0000           5610.2532     26207.1231     81500.4555      5610.2532     26207.1231

ETITLE:      TS           BOND          ANGLE          DIHED          IMPRP               ELECT            VDW       BOUNDARY           MISC        KINETIC               TOTAL           TEMP      POTENTIAL         TOTAL3        TEMPAVG            PRESSURE      GPRESSURE         VOLUME       PRESSAVG      GPRESSAVG

ENERGY:      40      2170.8338      1074.7477       126.8094        93.0588         -11835.8375    -29462.0364         0.0000         0.0000         0.0000         -37832.4243         0.0000    -37832.4243    -37832.4243         0.0000          25019.6289     43444.9042     81500.4555     25019.6289     43444.9042

LINE MINIMIZER BRACKET: DX 0.000128 0.000256 DU -1178.07 2577.13 DUDX -1.22206e+07 -6.09792e+06 5.38596e+07 
ENERGY:      41      2882.0600      1137.6502       130.9694        97.6620         -11693.6109    -33190.8418         0.0000         0.0000         0.0000         -40636.1111         0.0000    -40636.1111    -40636.1111         0.0000           7061.4815     26514.8745     81500.4555      7061.4815     26514.8745

LINE MINIMIZER BRACKET: DX 4.82859e-05 0.000207714 DU -226.552 2803.69 DUDX -6.09792e+06 -3.15781e+06 5.38596e+07 
ENERGY:      42      2792.1825      1127.9247       130.4087        97.0670         -11707.3089    -33126.1595         0.0000         0.0000         0.0000         -40685.8855         0.0000    -40685.8855    -40685.8855         0.0000           7815.7038     26800.0207     81500.4555      7815.7038     26800.0207

LINE MINIMIZER BRACKET: DX 2.07714e-05 0.000186943 DU -49.7744 2853.46 DUDX -3.15781e+06 -1.59624e+06 5.38596e+07 
ENERGY:      43      2714.8983      1119.8441       129.9296        96.5550         -11719.7194    -33042.3407         0.0000         0.0000         0.0000         -40700.8332         0.0000    -40700.8332    -40700.8332         0.0000           8579.6489     27158.7663     81500.4555      8579.6489     27158.7663

LINE MINIMIZER BRACKET: DX 1.86943e-05 0.000168248 DU -14.9477 2868.41 DUDX -1.59624e+06 38682.6 5.38596e+07 
ENERGY:      44      2722.4734      1120.6237       129.9764        96.6052         -11718.4744    -33051.9462         0.0000         0.0000         0.0000         -40700.7420         0.0000    -40700.7420    -40700.7420         0.0000           8499.1695     27117.9438     81500.4555      8499.1695     27117.9438

LINE MINIMIZER BRACKET: DX 1.86943e-06 0.000168248 DU -0.0912233 2868.41 DUDX -136483 38682.6 5.38596e+07 
ENERGY:      45      2716.5702      1120.0159       129.9399        96.5660         -11719.4446    -33044.4896         0.0000         0.0000         0.0000         -40700.8421         0.0000    -40700.8421    -40700.8421         0.0000           8561.7666     27149.6342     81500.4555      8561.7666     27149.6342

LINE MINIMIZER BRACKET: DX 1.45611e-06 4.13319e-07 DU -0.100176 0.00895238 DUDX -136483 -287.764 38682.6 
LINE MINIMIZER REDUCING GRADIENT FROM 3.07096e+07 TO 30709.6
ENERGY:      46      2524.4333      1090.6721       128.5104        93.2782         -11756.1270    -33460.2085         0.0000         0.0000         0.0000         -41379.4415         0.0000    -41379.4415    -41379.4415         0.0000           8346.7108     25590.1265     81500.4555      8346.7108     25590.1265

ENERGY:      47      2350.7914      1065.7981       127.2346        90.1487         -11792.5734    -33757.6917         0.0000         0.0000         0.0000         -41916.2924         0.0000    -41916.2924    -41916.2924         0.0000           8520.9647     24493.2810     81500.4555      8520.9647     24493.2810

ENERGY:      48      2058.8501      1029.1562       125.1800        84.3813         -11864.7373    -34151.4399         0.0000         0.0000         0.0000         -42718.6096         0.0000    -42718.6096    -42718.6096         0.0000           9511.8767     23058.7285     81500.4555      9511.8767     23058.7285

ENERGY:      49      1695.0521      1006.0614       123.2979        75.0821         -12006.1110    -34458.8590         0.0000         0.0000         0.0000         -43565.4765         0.0000    -43565.4765    -43565.4765         0.0000          12948.9680     22014.5867     81500.4555     12948.9680     22014.5867

ETITLE:      TS           BOND          ANGLE          DIHED          IMPRP               ELECT            VDW       BOUNDARY           MISC        KINETIC               TOTAL           TEMP      POTENTIAL         TOTAL3        TEMPAVG            PRESSURE      GPRESSURE         VOLUME       PRESSAVG      GPRESSAVG

ENERGY:      50      1812.3713      1122.9054       129.7429        69.4853         -12283.2373    -33315.4374         0.0000         0.0000         0.0000         -42464.1697         0.0000    -42464.1697    -42464.1697         0.0000          25071.9909     27874.5491     81500.4555     25071.9909     27874.5491

LINE MINIMIZER BRACKET: DX 0.000103377 0.000206755 DU -846.867 1101.31 DUDX -1.27578e+07 -3.73717e+06 1.22191e+07 
ENERGY:      51      1629.5299      1014.9707       123.4746        72.2923         -12063.4087    -34419.9146         0.0000         0.0000         0.0000         -43643.0558         0.0000    -43643.0558    -43643.0558         0.0000          14859.2457     22293.8339     81500.4555     14859.2457     22293.8339

LINE MINIMIZER BRACKET: DX 4.26243e-05 0.00016413 DU -77.5793 1178.89 DUDX -3.73717e+06 139022 1.22191e+07 
ENERGY:      52      1633.8930      1013.6207       123.4306        72.5396         -12057.6957    -34428.5848         0.0000         0.0000         0.0000         -43642.7966         0.0000    -43642.7966    -43642.7966         0.0000          14653.8582     22243.2967     81500.4555     14653.8582     22243.2967

LINE MINIMIZER BRACKET: DX 4.26243e-06 0.00016413 DU -0.259212 1178.89 DUDX -259780 139022 1.22191e+07 
ENERGY:      53      1630.9927      1014.4898       123.4586        72.3775         -12061.4221    -34423.0543         0.0000         0.0000         0.0000         -43643.1578         0.0000    -43643.1578    -43643.1578         0.0000          14787.4283     22275.6491     81500.4555     14787.4283     22275.6491

LINE MINIMIZER BRACKET: DX 2.77978e-06 1.48265e-06 DU -0.361202 0.101991 DUDX -259780 46.8287 139022 
LINE MINIMIZER REDUCING GRADIENT FROM 2.36437e+07 TO 23643.7
ENERGY:      54      1540.1768       978.7094       124.2352        70.9989         -12289.7234    -35275.3708         0.0000         0.0000         0.0000         -44850.9738         0.0000    -44850.9738    -44850.9738         0.0000          14741.5405     18526.9801     81500.4555     14741.5405     18526.9801

ENERGY:      55      1595.0426      1023.0188       128.3851       111.9375         -12511.0080    -35624.3350         0.0000         0.0000         0.0000         -45276.9589         0.0000    -45276.9589    -45276.9589         0.0000          16233.3730     16859.1889     81500.4555     16233.3730     16859.1889

ENERGY:      56      2162.9376      1292.4120       140.4844       639.4130         -12941.3603    -35893.7316         0.0000         0.0000         0.0000         -44599.8450         0.0000    -44599.8450    -44599.8450         0.0000          20083.7726     14773.5018     81500.4555     20083.7726     14773.5018

LINE MINIMIZER BRACKET: DX 0.000102069 0.000204137 DU -425.985 677.114 DUDX -6.72921e+06 -1.67562e+06 6.65665e+06 
ENERGY:      57      1647.1287      1053.6922       131.0906       153.5503         -12584.1712    -35704.3424         0.0000         0.0000         0.0000         -45303.0519         0.0000    -45303.0519    -45303.0519         0.0000          16816.9252     16417.2895     81500.4555     16816.9252     16417.2895

LINE MINIMIZER BRACKET: DX 3.42564e-05 0.000169881 DU -26.093 703.207 DUDX -1.67562e+06 184743 6.65665e+06 
ENERGY:      58      1641.1459      1050.3218       130.7870       148.3007         -12576.8753    -35697.0286         0.0000         0.0000         0.0000         -45303.3486         0.0000    -45303.3486    -45303.3486         0.0000          16757.2470     16459.4128     81500.4555     16757.2470     16459.4128

LINE MINIMIZER BRACKET: DX 3.08308e-05 3.42564e-06 DU -26.3897 0.296705 DUDX -1.67562e+06 -9879.31 184743 
LINE MINIMIZER REDUCING GRADIENT FROM 1.12745e+07 TO 11274.5
ENERGY:      59      1368.7571       986.6035       125.5039        66.2571         -12848.0067    -36021.5624         0.0000         0.0000         0.0000         -46322.4476         0.0000    -46322.4476    -46322.4476         0.0000          16043.9542     15115.1082     81500.4555     16043.9542     15115.1082

ETITLE:      TS           BOND          ANGLE          DIHED          IMPRP               ELECT            VDW       BOUNDARY           MISC        KINETIC               TOTAL           TEMP      POTENTIAL         TOTAL3        TEMPAVG            PRESSURE      GPRESSURE         VOLUME       PRESSAVG      GPRESSAVG

ENERGY:      60      1180.4205       998.8520       124.3465        46.9177         -13119.7012    -36239.7038         0.0000         0.0000         0.0000         -47008.8683         0.0000    -47008.8683    -47008.8683         0.0000          15566.2225     14119.8980     81500.4555     15566.2225     14119.8980

OPENING COORDINATE DCD FILE
WRITING COORDINATES TO DCD FILE AT STEP 60
The last position output (seq=60) takes 0.007 seconds, 14.600 MB of memory in use
ENERGY:      61      1099.9557      1225.6281       125.0020        41.0536         -13666.0204    -36417.7739         0.0000         0.0000         0.0000         -47592.1549         0.0000    -47592.1549    -47592.1549         0.0000          15094.0584     12932.0817     81500.4555     15094.0584     12932.0817

ENERGY:      62      2189.0175      2358.8973       140.0957        67.5266         -14788.9744    -21675.6400         0.0000         0.0000         0.0000         -31709.0773         0.0000    -31709.0773    -31709.0773         0.0000          64135.0715    108965.5173     81500.4555     64135.0715    108965.5173

LINE MINIMIZER BRACKET: DX 0.000240183 0.000480366 DU -583.287 15883.1 DUDX -4.57218e+06 -180960 2.16066e+08 
ENERGY:      63      1134.7087      1299.3477       125.4260        41.2360         -13776.0332    -36400.1191         0.0000         0.0000         0.0000         -47575.4340         0.0000    -47575.4340    -47575.4340         0.0000          15116.9938     12886.0624     81500.4555     15116.9938     12886.0624

LINE MINIMIZER BRACKET: DX 0.000240183 4.80366e-05 DU -583.287 16.7209 DUDX -4.57218e+06 -180960 905144 
ENERGY:      64      1104.6747      1237.6008       125.0670        41.0693         -13684.8117    -36416.5250         0.0000         0.0000         0.0000         -47592.9249         0.0000    -47592.9249    -47592.9249         0.0000          15093.4696     12916.9919     81500.4555     15093.4696     12916.9919

LINE MINIMIZER BRACKET: DX 8.21544e-06 3.98211e-05 DU -0.770078 17.491 DUDX -180960 -6468.49 905144 
LINE MINIMIZER REDUCING GRADIENT FROM 5.11192e+06 TO 5111.92
ENERGY:      65       946.6914      1410.9241       119.5649        26.8562         -14166.3001    -36725.8119         0.0000         0.0000         0.0000         -48388.0753         0.0000    -48388.0753    -48388.0753         0.0000          11949.9121     11335.1542     81500.4555     11949.9121     11335.1542

ENERGY:      66       990.8731      1690.0403       116.5044        31.4484         -14652.5028    -36908.4472         0.0000         0.0000         0.0000         -48732.0838         0.0000    -48732.0838    -48732.0838         0.0000           8958.9228     10164.9137     81500.4555      8958.9228     10164.9137

ENERGY:      67      1700.1205      2550.2464       117.8851        93.4396         -15640.2321    -37021.1722         0.0000         0.0000         0.0000         -48199.7127         0.0000    -48199.7127    -48199.7127         0.0000           2990.4865      8505.9846     81500.4555      2990.4865      8505.9846

LINE MINIMIZER BRACKET: DX 0.000257511 0.000515023 DU -344.008 532.371 DUDX -2.17034e+06 -524469 2.59585e+06 
ENERGY:      68      1052.1464      1807.0063       116.0550        37.7407         -14817.2742    -36950.2053         0.0000         0.0000         0.0000         -48754.5311         0.0000    -48754.5311    -48754.5311         0.0000           7955.9556      9826.0131     81500.4555      7955.9556      9826.0131

LINE MINIMIZER BRACKET: DX 8.66774e-05 0.000428345 DU -22.4473 554.818 DUDX -524469 5416.09 2.59585e+06 
ENERGY:      69      1044.9597      1794.7962       116.0864        37.0112         -14800.7736    -36946.4301         0.0000         0.0000         0.0000         -48754.3501         0.0000    -48754.3501    -48754.3501         0.0000           8056.3173      9858.8434     81500.4555      8056.3173      9858.8434

LINE MINIMIZER BRACKET: DX 8.66774e-06 0.000428345 DU -0.180942 554.818 DUDX -47232.4 5416.09 2.59585e+06 
ETITLE:      TS           BOND          ANGLE          DIHED          IMPRP               ELECT            VDW       BOUNDARY           MISC        KINETIC               TOTAL           TEMP      POTENTIAL         TOTAL3        TEMPAVG            PRESSURE      GPRESSURE         VOLUME       PRESSAVG      GPRESSAVG

ENERGY:      70      1051.3953      1805.7434       116.0581        37.6646         -14815.5741    -36949.8208         0.0000         0.0000         0.0000         -48754.5335         0.0000    -48754.5335    -48754.5335         0.0000           7966.2934      9829.3836     81500.4555      7966.2934      9829.3836

LINE MINIMIZER BRACKET: DX 7.77495e-06 8.92788e-07 DU -0.183404 0.00246184 DUDX -47232.4 -3.61725 5416.09 
LINE MINIMIZER REDUCING GRADIENT FROM 3.45158e+06 TO 3451.58
ENERGY:      71       969.4096      1954.0114       110.4605        26.0570         -15127.1272    -37094.2881         0.0000         0.0000         0.0000         -49161.4769         0.0000    -49161.4769    -49161.4769         0.0000           6768.4410      9054.3531     81500.4555      6768.4410      9054.3531

ENERGY:      72       960.1308      2146.9830       106.5121        22.4144         -15439.0872    -37201.7182         0.0000         0.0000         0.0000         -49404.7651         0.0000    -49404.7651    -49404.7651         0.0000           5569.7531      8376.0720     81500.4555      5569.7531      8376.0720

ENERGY:      73      1162.0396      2667.9317       104.1544        37.3030         -16065.8275    -37287.7698         0.0000         0.0000         0.0000         -49382.1687         0.0000    -49382.1687    -49382.1687         0.0000           3230.2625      7399.9922     81500.4555      3230.2625      7399.9922

LINE MINIMIZER BRACKET: DX 0.00022744 0.000454881 DU -243.288 22.5964 DUDX -1.42854e+06 -709192 860150 
ENERGY:      74      1017.6860      2368.0472       104.4764        25.5413         -15731.3922    -37266.6062         0.0000         0.0000         0.0000         -49482.2476         0.0000    -49482.2476    -49482.2476         0.0000           4455.6160      7841.0647     81500.4555      4455.6160      7841.0647

LINE MINIMIZER BRACKET: DX 0.000212552 0.000242329 DU -77.4824 100.079 DUDX -709192 -13360.5 860150 
ENERGY:      75      1028.3349      2395.7485       104.3489        26.3080         -15764.7762    -37271.5385         0.0000         0.0000         0.0000         -49481.5744         0.0000    -49481.5744    -49481.5744         0.0000           4329.9579      7787.5236     81500.4555      4329.9579      7787.5236

LINE MINIMIZER BRACKET: DX 0.000212552 2.42329e-05 DU -77.4824 0.673182 DUDX -709192 -13360.5 68986.6 
ENERGY:      76      1019.3581      2372.5105       104.4542        25.6599         -15736.8127    -37267.4440         0.0000         0.0000         0.0000         -49482.2740         0.0000    -49482.2740    -49482.2740         0.0000           4435.1829      7832.2532     81500.4555      4435.1829      7832.2532

LINE MINIMIZER BRACKET: DX 3.93487e-06 2.0298e-05 DU -0.0264313 0.699614 DUDX -13360.5 -43.2464 68986.6 
LINE MINIMIZER REDUCING GRADIENT FROM 3.28084e+06 TO 3280.84
ENERGY:      77       914.2078      2427.1898       101.7454        26.9461         -15896.3051    -37345.1230         0.0000         0.0000         0.0000         -49771.3389         0.0000    -49771.3389    -49771.3389         0.0000           5099.4715      7413.7603     81500.4555      5099.4715      7413.7603

ENERGY:      78       862.4189      2498.6270        99.9423        30.2761         -16054.8692    -37374.8016         0.0000         0.0000         0.0000         -49938.4064         0.0000    -49938.4064    -49938.4064         0.0000           5838.0686      7157.1145     81500.4555      5838.0686      7157.1145

ENERGY:      79       919.0051      2694.4341        99.1907        42.4743         -16368.8799    -37148.9186         0.0000         0.0000         0.0000         -49762.6942         0.0000    -49762.6942    -49762.6942         0.0000           8026.2395      7850.6968     81500.4555      8026.2395      7850.6968

LINE MINIMIZER BRACKET: DX 0.000182633 0.000365266 DU -167.068 175.712 DUDX -1.26299e+06 -544746 1.89791e+06 
ETITLE:      TS           BOND          ANGLE          DIHED          IMPRP               ELECT            VDW       BOUNDARY           MISC        KINETIC               TOTAL           TEMP      POTENTIAL         TOTAL3        TEMPAVG            PRESSURE      GPRESSURE         VOLUME       PRESSAVG      GPRESSAVG

ENERGY:      80       856.6132      2543.6013        99.3709        32.8244         -16138.6792    -37363.4984         0.0000         0.0000         0.0000         -49969.7677         0.0000    -49969.7677    -49969.7677         0.0000           6286.7479      7122.6354     81500.4555      6286.7479      7122.6354

LINE MINIMIZER BRACKET: DX 9.69863e-05 0.000268279 DU -31.3613 207.074 DUDX -544746 -90024.1 1.89791e+06 
ENERGY:      81       857.6658      2556.9227        99.2606        33.6207         -16161.8122    -37355.9815         0.0000         0.0000         0.0000         -49970.3240         0.0000    -49970.3240    -49970.3240         0.0000           6421.4348      7130.9365     81500.4555      6421.4348      7130.9365

LINE MINIMIZER BRACKET: DX 2.68279e-05 0.000241451 DU -0.556282 207.63 DUDX -90024.1 50354.9 1.89791e+06 
ENERGY:      82       857.1612      2552.1608        99.2973        33.3342         -16153.6230    -37358.8903         0.0000         0.0000         0.0000         -49970.5598         0.0000    -49970.5598    -49970.5598         0.0000           6373.1024      7126.9546     81500.4555      6373.1024      7126.9546

LINE MINIMIZER BRACKET: DX 1.73265e-05 9.50145e-06 DU -0.792065 0.235783 DUDX -90024.1 -237.875 50354.9 
LINE MINIMIZER REDUCING GRADIENT FROM 3.15812e+06 TO 3158.12
ENERGY:      83       788.3352      2507.7130        98.4915        33.2891         -16218.5184    -37371.6386         0.0000         0.0000         0.0000         -50162.3281         0.0000    -50162.3281    -50162.3281         0.0000           7750.7847      7098.5850     81500.4555      7750.7847      7098.5850

ENERGY:      84       764.4074      2477.0298        98.4845        34.1927         -16283.5690    -37182.9828         0.0000         0.0000         0.0000         -50092.4375         0.0000    -50092.4375    -50092.4375         0.0000           9742.9341      8359.1918     81500.4555      9742.9341      8359.1918

LINE MINIMIZER BRACKET: DX 0.000152829 0.000152829 DU -191.768 69.8907 DUDX -3.15812e+06 -626149 1.96891e+06 
ENERGY:      85       776.8169      2497.4185        98.4091        33.4576         -16237.2966    -37347.9789         0.0000         0.0000         0.0000         -50179.1734         0.0000    -50179.1734    -50179.1734         0.0000           8228.4743      7255.5460     81500.4555      8228.4743      7255.5460

LINE MINIMIZER BRACKET: DX 4.41609e-05 0.000108668 DU -16.8453 86.736 DUDX -626149 -115663 1.96891e+06 
ENERGY:      86       774.5567      2495.0625        98.3989        33.5108         -16241.9182    -37339.2477         0.0000         0.0000         0.0000         -50179.6371         0.0000    -50179.6371    -50179.6371         0.0000           8355.0390      7313.0173     81500.4555      8355.0390      7313.0173

LINE MINIMIZER BRACKET: DX 1.08668e-05 9.78009e-05 DU -0.463606 87.1996 DUDX -115663 31567.4 1.96891e+06 
ENERGY:      87       775.0183      2495.5576        98.4007        33.4991         -16240.9359    -37341.2130         0.0000         0.0000         0.0000         -50179.6732         0.0000    -50179.6732    -50179.6732         0.0000           8327.7812      7300.0705     81500.4555      8327.7812      7300.0705

LINE MINIMIZER BRACKET: DX 8.55614e-06 2.31062e-06 DU -0.499738 0.0361316 DUDX -115663 -580.216 31567.4 
MINIMIZER RESTARTING CONJUGATE GRADIENT ALGORITHM
LINE MINIMIZER REDUCING GRADIENT FROM 5.55015e+06 TO 5550.15
ENERGY:      88       524.1055      2325.1105        97.8908        27.5607         -16176.7289    -37526.2391         0.0000         0.0000         0.0000         -50728.3004         0.0000    -50728.3004    -50728.3004         0.0000           8360.5249      6297.4405     81500.4555      8360.5249      6297.4405

ENERGY:      89       508.9174      2179.2473        97.6532        23.3165         -16125.8590    -37551.5213         0.0000         0.0000         0.0000         -50868.2459         0.0000    -50868.2459    -50868.2459         0.0000           8774.0481      6227.5421     81500.4555      8774.0481      6227.5421

ETITLE:      TS           BOND          ANGLE          DIHED          IMPRP               ELECT            VDW       BOUNDARY           MISC        KINETIC               TOTAL           TEMP      POTENTIAL         TOTAL3        TEMPAVG            PRESSURE      GPRESSURE         VOLUME       PRESSAVG      GPRESSAVG

ENERGY:      90       585.4703      1947.8601        97.9656        19.9127         -16031.6584    -37392.5882         0.0000         0.0000         0.0000         -50773.0379         0.0000    -50773.0379    -50773.0379         0.0000           9976.1328      6932.4494     81500.4555      9976.1328      6932.4494

LINE MINIMIZER BRACKET: DX 0.000256 0.000512 DU -139.945 95.208 DUDX -1.1507e+06 26626.8 308089 
ENERGY:      91       501.0436      2192.4140        97.6651        23.6647         -16130.7216    -37551.6311         0.0000         0.0000         0.0000         -50867.5652         0.0000    -50867.5652    -50867.5652         0.0000           8730.9985      6225.0392     81500.4555      8730.9985      6225.0392

LINE MINIMIZER BRACKET: DX 2.56e-05 0.000512 DU -0.68072 95.208 DUDX -80569.9 26626.8 308089 
ENERGY:      92       506.7838      2182.5032        97.6559        23.4020         -16127.0721    -37551.6051         0.0000         0.0000         0.0000         -50868.3322         0.0000    -50868.3322    -50868.3322         0.0000           8763.2281      6226.7040     81500.4555      8763.2281      6226.7040

LINE MINIMIZER BRACKET: DX 1.91956e-05 6.40435e-06 DU -0.767018 0.0862973 DUDX -80569.9 220.762 26626.8 
LINE MINIMIZER REDUCING GRADIENT FROM 1.58899e+06 TO 1588.99
ENERGY:      93       479.4237      2076.9401        96.5160        19.3922         -16112.4778    -37618.5303         0.0000         0.0000         0.0000         -51058.7361         0.0000    -51058.7361    -51058.7361         0.0000           8516.9719      5978.9066     81500.4555      8516.9719      5978.9066

ENERGY:      94       465.6263      1975.5766        95.5245        16.1483         -16098.2728    -37663.5614         0.0000         0.0000         0.0000         -51208.9584         0.0000    -51208.9584    -51208.9584         0.0000           8327.5231      5815.2143     81500.4555      8327.5231      5815.2143

ENERGY:      95       478.7893      1785.9705        94.0460        11.9362         -16070.8493    -37703.8419         0.0000         0.0000         0.0000         -51403.9492         0.0000    -51403.9492    -51403.9492         0.0000           8064.1246      5669.5906     81500.4555      8064.1246      5669.5906

ENERGY:      96       664.9069      1463.0318        93.3565        12.0210         -16018.8340    -37618.8478         0.0000         0.0000         0.0000         -51404.3657         0.0000    -51404.3657    -51404.3657         0.0000           7882.7513      5951.6316     81500.4555      7882.7513      5951.6316

ENERGY:      97      1638.2558      1070.6606       100.3265        37.7613         -15925.2377    -36122.8025         0.0000         0.0000         0.0000         -49201.0359         0.0000    -49201.0359    -49201.0359         0.0000          11176.9131     11067.4257     81500.4555     11176.9131     11067.4257

LINE MINIMIZER BRACKET: DX 0.000724416 0.00144883 DU -0.416485 2203.33 DUDX -356481 368855 3.40192e+06 
ENERGY:      98       545.8386      1614.4832        93.3111        10.6402         -16044.4107    -37689.1675         0.0000         0.0000         0.0000         -51469.3051         0.0000    -51469.3051    -51469.3051         0.0000           7914.6727      5715.7168     81500.4555      7914.6727      5715.7168

LINE MINIMIZER BRACKET: DX 0.000362772 0.000361645 DU -65.356 64.9395 DUDX -356481 -3403.98 368855 
ENERGY:      99       555.4277      1598.4413        93.2806        10.6629         -16041.8193    -37684.7741         0.0000         0.0000         0.0000         -51468.7809         0.0000    -51468.7809    -51468.7809         0.0000           7905.7666      5730.3531     81500.4555      7905.7666      5730.3531

LDB: ============= START OF LOAD BALANCING ============== 29.8809
LDB: Largest compute 4 load 0.732579 is 30.0% of average load 2.438857
LDB: Average compute 0.061091 is 2.5% of average load 2.438857
LDB: Partitioning computes with target load 0.243886
LDB: Partitioning compute 5 with load 0.684109 by 3
LDB: Partitioning compute 25 with load 0.301416 by 2
LDB: Partitioning compute 31 with load 0.307990 by 2
LDB: Partitioning compute 7 with load 0.348773 by 2
LDB: Partitioning compute 4 with load 0.732579 by 4
LDB: Partitioning compute 6 with load 0.374939 by 2
LDB: Partitioning compute 12 with load 0.295503 by 2
LDB: Partitioning compute 18 with load 0.327679 by 2
LDB: Partitioning compute 8 with load 0.306811 by 2
LDB: Partitioning compute 9 with load 0.404993 by 2
LDB: Partitioning compute 83 with load 0.263531 by 2
LDB: Increased migratable compute count from 114 to 128
LDB: Largest unpartitionable compute is 0.007433
LDB: ============== END OF LOAD BALANCING =============== 29.882
Info: useSync: 1 useProxySync: 0
LDB: =============== DONE WITH MIGRATION ================ 30.0662
LINE MINIMIZER BRACKET: DX 0.000362772 3.61645e-05 DU -65.356 0.524262 DUDX -356481 -3403.98 32331.7 
Info: Initial time: 4 CPUs 0.0419329 s/step 0.485335 days/ns 12.0681 MB memory
ETITLE:      TS           BOND          ANGLE          DIHED          IMPRP               ELECT            VDW       BOUNDARY           MISC        KINETIC               TOTAL           TEMP      POTENTIAL         TOTAL3        TEMPAVG            PRESSURE      GPRESSURE         VOLUME       PRESSAVG      GPRESSAVG

ENERGY:     100       545.8386      1614.4832        93.3111        10.6402         -16044.4107    -37689.1675         0.0000         0.0000         0.0000         -51469.3051         0.0000    -51469.3051    -51469.3051         0.0000           7914.6727      5715.7168     81500.4555      7914.6727      5715.7168

TCL: Running for 200 steps
ENERGY:     100       545.8386      1614.4832        93.3111        10.6402         -16044.4107    -37689.1675         0.0000         0.0000         0.0000         -51469.3051         0.0000    -51469.3051    -51517.7664         0.0000           7942.2232      5718.4155     81500.4555      7942.2232      5718.4155

LDB: ============= START OF LOAD BALANCING ============== 30.9184
LDB: ============== END OF LOAD BALANCING =============== 30.9187
Info: useSync: 1 useProxySync: 0
LDB: =============== DONE WITH MIGRATION ================ 30.9511
WRITING COORDINATES TO DCD FILE AT STEP 120
The last position output (seq=120) takes 0.000 seconds, 14.887 MB of memory in use
ENERGY:     150       535.9622       711.1398        92.6881        18.7711         -20126.6079    -38454.1859         0.0000         0.0000      5719.0024         -51503.2301       262.2143    -57222.2325    -51487.4737       202.5656           1186.9944     -1007.1376     81500.4555       318.6531       312.2830

WRITING COORDINATES TO DCD FILE AT STEP 180
The last position output (seq=180) takes 0.000 seconds, 14.976 MB of memory in use
LDB: ============= START OF LOAD BALANCING ============== 33.8938
LDB: Largest compute 70 load 0.199980 is 9.3% of average load 2.155899
LDB: Average compute 0.045917 is 2.1% of average load 2.155899
LDB: TIME 33.8943 LOAD: AVG 2.1559 MAX 2.94242  PROXIES: TOTAL 12 MAXPE 4 MAXPATCH 2 None MEM: 14.2213 MB
LDB: TIME 33.8944 LOAD: AVG 2.1559 MAX 2.22347  PROXIES: TOTAL 12 MAXPE 4 MAXPATCH 2 TorusLB MEM: 14.2274 MB
LDB: ============== END OF LOAD BALANCING =============== 33.8953
Info: useSync: 1 useProxySync: 0
LDB: =============== DONE WITH MIGRATION ================ 34.0528
Info: Initial time: 4 CPUs 0.0367613 s/step 0.425478 days/ns 15.834 MB memory
ENERGY:     200       719.7863       917.2404        85.5807         9.7873         -21246.9318    -38181.2093         0.0000         0.0000      6204.0664         -51491.6799       284.4543    -57695.7464    -51485.4631       277.2812           1373.2691      -684.5699     81500.4555      -957.5868      -980.3511

WRITING COORDINATES TO DCD FILE AT STEP 240
The last position output (seq=240) takes 0.000 seconds, 15.636 MB of memory in use
ENERGY:     250       689.3589      1079.6699        81.1755        18.1417         -21653.5082    -38050.4787         0.0000         0.0000      6337.7510         -51497.8900       290.5837    -57835.6409    -51486.7335       289.0375           1852.4597       213.5978     81500.4555      -263.7877      -260.2728

LDB: ============= START OF LOAD BALANCING ============== 36.8366
LDB: Largest compute 70 load 0.256571 is 9.7% of average load 2.656035
LDB: Average compute 0.056165 is 2.1% of average load 2.656035
LDB: TIME 36.8371 LOAD: AVG 2.65603 MAX 2.77619  PROXIES: TOTAL 12 MAXPE 4 MAXPATCH 2 None MEM: 14.6981 MB
LDB: TIME 36.8372 LOAD: AVG 2.65603 MAX 2.77619  PROXIES: TOTAL 12 MAXPE 4 MAXPATCH 2 RefineTorusLB MEM: 14.702 MB
LDB: TIME 36.8372 LOAD: AVG 2.65603 MAX 2.76337  PROXIES: TOTAL 12 MAXPE 4 MAXPATCH 2 RefineTorusLB MEM: 14.702 MB
LDB: ============== END OF LOAD BALANCING =============== 36.8378
Info: useSync: 1 useProxySync: 0
LDB: =============== DONE WITH MIGRATION ================ 36.9887
Info: Initial time: 4 CPUs 0.0277231 s/step 0.320869 days/ns 14.7155 MB memory
ENERGY:     300       776.4364       753.3967        96.6822        23.8443         -21353.0128    -38100.9259         0.0000         0.0000      6309.2490         -51494.3302       289.2769    -57803.5792    -51487.5635       289.1704           2005.0902       820.3293     81500.4555       485.2932       485.3448

WRITING COORDINATES TO DCD FILE AT STEP 300
The last position output (seq=300) takes 0.000 seconds, 14.675 MB of memory in use
WRITING EXTENDED SYSTEM TO OUTPUT FILE AT STEP 300
WRITING COORDINATES TO OUTPUT FILE AT STEP 300
CLOSING COORDINATE DCD FILE
The last position output (seq=-2) takes 0.034 seconds, 14.984 MB of memory in use
WRITING VELOCITIES TO OUTPUT FILE AT STEP 300
The last velocity output (seq=-2) takes 0.024 seconds, 14.858 MB of memory in use
====================================================

WallClock: 37.219696  CPUTime: 33.650887  Memory: 14.857269 MB
